{"numFailedTestSuites":0,"numFailedTests":0,"numPassedTestSuites":2,"numPassedTests":8,"numPendingTestSuites":0,"numPendingTests":0,"numRuntimeErrorTestSuites":0,"numTotalTestSuites":2,"numTotalTests":8,"snapshot":{"added":0,"didUpdate":false,"failure":false,"filesAdded":0,"filesRemoved":0,"filesUnmatched":0,"filesUpdated":0,"matched":0,"total":0,"unchecked":0,"uncheckedKeys":[],"unmatched":0,"updated":0},"startTime":1526069906123,"success":true,"testResults":[{"assertionResults":[{"ancestorTitles":[],"failureMessages":[],"fullName":"returns a function","location":null,"status":"passed","title":"returns a function"},{"ancestorTitles":[],"failureMessages":[],"fullName":"doesn't call curried function with only 1 argument","location":null,"status":"passed","title":"doesn't call curried function with only 1 argument"},{"ancestorTitles":[],"failureMessages":[],"fullName":"calls curried function with 2 arguments","location":null,"status":"passed","title":"calls curried function with 2 arguments"},{"ancestorTitles":[],"failureMessages":[],"fullName":"arguments are 1 and 2","location":null,"status":"passed","title":"arguments are 1 and 2"}],"endTime":1526069906911,"message":"","name":"/Users/chrisgaeta/github/jestDemo/curry.test.js","startTime":1526069906742,"status":"passed","summary":""},{"assertionResults":[{"ancestorTitles":[],"failureMessages":[],"fullName":"adds 1 + 2 to equal 3","location":null,"status":"passed","title":"adds 1 + 2 to equal 3"},{"ancestorTitles":[],"failureMessages":[],"fullName":"subtracts 2 from 5 to equal 3","location":null,"status":"passed","title":"subtracts 2 from 5 to equal 3"},{"ancestorTitles":[],"failureMessages":[],"fullName":"returns a Number","location":null,"status":"passed","title":"returns a Number"},{"ancestorTitles":[],"failureMessages":[],"fullName":"throws an error","location":null,"status":"passed","title":"throws an error"}],"endTime":1526069906942,"message":"","name":"/Users/chrisgaeta/github/jestDemo/sum.test.js","startTime":1526069906922,"status":"passed","summary":""}],"wasInterrupted":false,"coverageMap":{"/Users/chrisgaeta/github/jestDemo/curry.js":{"path":"/Users/chrisgaeta/github/jestDemo/curry.js","statementMap":{"0":{"start":{"line":1,"column":21},"end":{"line":9,"column":1}},"1":{"start":{"line":2,"column":2},"end":{"line":8,"column":3}},"2":{"start":{"line":3,"column":4},"end":{"line":7,"column":5}},"3":{"start":{"line":4,"column":6},"end":{"line":4,"column":34}},"4":{"start":{"line":6,"column":6},"end":{"line":6,"column":43}}},"fnMap":{"0":{"name":"(anonymous_0)","decl":{"start":{"line":1,"column":21},"end":{"line":1,"column":22}},"loc":{"start":{"line":1,"column":27},"end":{"line":9,"column":1}},"line":1},"1":{"name":"(anonymous_1)","decl":{"start":{"line":2,"column":9},"end":{"line":2,"column":10}},"loc":{"start":{"line":2,"column":22},"end":{"line":8,"column":3}},"line":2}},"branchMap":{"0":{"loc":{"start":{"line":3,"column":4},"end":{"line":7,"column":5}},"type":"if","locations":[{"start":{"line":3,"column":4},"end":{"line":7,"column":5}},{"start":{"line":3,"column":4},"end":{"line":7,"column":5}}],"line":3}},"s":{"0":1,"1":7,"2":5,"3":2,"4":3},"f":{"0":7,"1":5},"b":{"0":[2,3]},"_coverageSchema":"332fd63041d2c1bcb487cc26dd0d5f7d97098a6c","hash":"7e85f0b70d5f3d2e1226fd589e96b28e46616d3b"},"/Users/chrisgaeta/github/jestDemo/sum.js":{"path":"/Users/chrisgaeta/github/jestDemo/sum.js","statementMap":{"0":{"start":{"line":1,"column":19},"end":{"line":6,"column":1}},"1":{"start":{"line":2,"column":2},"end":{"line":4,"column":3}},"2":{"start":{"line":3,"column":4},"end":{"line":3,"column":60}},"3":{"start":{"line":5,"column":2},"end":{"line":5,"column":15}}},"fnMap":{"0":{"name":"(anonymous_0)","decl":{"start":{"line":1,"column":19},"end":{"line":1,"column":20}},"loc":{"start":{"line":1,"column":29},"end":{"line":6,"column":1}},"line":1}},"branchMap":{"0":{"loc":{"start":{"line":2,"column":2},"end":{"line":4,"column":3}},"type":"if","locations":[{"start":{"line":2,"column":2},"end":{"line":4,"column":3}},{"start":{"line":2,"column":2},"end":{"line":4,"column":3}}],"line":2},"1":{"loc":{"start":{"line":2,"column":8},"end":{"line":2,"column":54}},"type":"binary-expr","locations":[{"start":{"line":2,"column":8},"end":{"line":2,"column":29}},{"start":{"line":2,"column":33},"end":{"line":2,"column":54}}],"line":2}},"s":{"0":1,"1":4,"2":1,"3":3},"f":{"0":4},"b":{"0":[1,3],"1":[4,4]},"_coverageSchema":"332fd63041d2c1bcb487cc26dd0d5f7d97098a6c","hash":"755eb03120c56ec50164c842a5f3107fb41277f0"}}}